<?xml version="1.0" encoding="UTF-8"?>
<!-- Generated by org.testng.reporters.JUnitReportReporter -->
<testsuite hostname="DESKTOP-6OCHNMG" failures="0" tests="2" name="Rohith.tests.productsValidation" time="17.729" errors="0" timestamp="2025-03-04T16:07:32 IST" skipped="0">
  <testcase classname="Rohith.tests.productsValidation" name="getallProducts" time="10.529"/>
  <system-out/>
  <testcase classname="Rohith.tests.productsValidation" name="verifyaddedProducts" time="7.200"/>
  <system-out/>
</testsuite> <!-- Rohith.tests.productsValidation -->
