<?xml version="1.0" encoding="UTF-8"?>
<!-- Generated by org.testng.reporters.JUnitReportReporter -->
<testsuite hostname="DESKTOP-6OCHNMG" failures="0" tests="1" name="rohith.resources.ExtentReporterNG" time="0.013" errors="0" timestamp="2025-03-04T13:12:29 IST" skipped="0">
  <testcase classname="rohith.resources.ExtentReporterNG" name="getReport" time="0.013"/>
  <system-out/>
</testsuite> <!-- rohith.resources.ExtentReporterNG -->
