<?xml version="1.0" encoding="UTF-8"?>
<!-- Generated by org.testng.reporters.JUnitReportReporter -->
<testsuite hostname="DESKTOP-6OCHNMG" failures="0" tests="1" name="Rohith.tests.SubmitOrderTest" time="16.907" errors="0" timestamp="2025-03-07T18:18:38 IST" skipped="0">
  <testcase classname="Rohith.tests.SubmitOrderTest" name="submitTest" time="16.907"/>
  <system-out/>
</testsuite> <!-- Rohith.tests.SubmitOrderTest -->
