<?xml version="1.0" encoding="UTF-8"?>
<!-- Generated by org.testng.reporters.JUnitReportReporter -->
<testsuite hostname="DESKTOP-6OCHNMG" failures="0" tests="2" name="Rohith.tests.productsValidation" time="15.807" errors="0" timestamp="2025-03-04T22:51:36 IST" skipped="0">
  <testcase classname="Rohith.tests.productsValidation" name="verifyaddedProducts" time="6.102"/>
  <testcase classname="Rohith.tests.productsValidation" name="getallProducts" time="9.705"/>
</testsuite> <!-- Rohith.tests.productsValidation -->
