<?xml version="1.0" encoding="UTF-8"?>
<!-- Generated by org.testng.reporters.JUnitReportReporter -->
<testsuite hostname="DESKTOP-6OCHNMG" failures="0" tests="1" name="Rohith.tests.SubmitOrderTest" time="16.475" errors="0" timestamp="2025-03-04T22:51:36 IST" skipped="0">
  <testcase classname="Rohith.tests.SubmitOrderTest" name="submitTest" time="16.475"/>
</testsuite> <!-- Rohith.tests.SubmitOrderTest -->
